[14:38:11.940] [INF] Microsoft.Hosting.Lifetime: Now listening on: https://localhost:7020
[14:38:11.950] [INF] Microsoft.Hosting.Lifetime: Now listening on: http://localhost:5280
[14:38:12.025] [INF] Microsoft.Hosting.Lifetime: Application started. Press Ctrl+C to shut down.
[14:38:12.027] [INF] Microsoft.Hosting.Lifetime: Hosting environment: Development
[14:38:12.028] [INF] Microsoft.Hosting.Lifetime: Content root path: D:\Repos\NCache-HybridCache\HybridCachePlayground.Web
[14:38:18.141] [ERR] NCache.OSS.Microsoft.Extensions.Caching.Hybrid.NCacheHybridCache: An error occurred while initializing the local cache with name 'demoLocalCache'. Ensure that the cache is properly configured and available. Exception: No server is available to process the request for 'demoLocalCache'
Alachisoft.NCache.Runtime.Exceptions.OperationFailedException : No server is available to process the request for 'demoLocalCache'
   at Alachisoft.NCache.Client.RemoteCache..ctor(String cacheId, Cache parent, CacheConnectionOptions cacheConnectionOptions, StatisticsCounter perfStatsCol)
   at Alachisoft.NCache.Client.CacheManager.GetCacheInternal(String cacheName, CacheConnectionOptions cacheConnectionOptions)
   at Alachisoft.NCache.Client.CacheManager.GetCache(String cacheName, CacheConnectionOptions cacheConnectionOptions)
   at NCache.OSS.Microsoft.Extensions.Caching.Hybrid.NCacheHybridCache..ctor(IOptions`1 options, ILogger`1 logger)

[14:38:18.158] [ERR] Serilog.AspNetCore.RequestLoggingMiddleware: HTTP GET / responded 500 in 2549.1ms
System.InvalidOperationException: An error occurred while initializing the local cache with name 'demoLocalCache'. Ensure that the cache is properly configured and available. Exception: No server is available to process the request for 'demoLocalCache'
 ---> Alachisoft.NCache.Runtime.Exceptions.OperationFailedException : No server is available to process the request for 'demoLocalCache'
   at Alachisoft.NCache.Client.RemoteCache..ctor(String cacheId, Cache parent, CacheConnectionOptions cacheConnectionOptions, StatisticsCounter perfStatsCol)
   at Alachisoft.NCache.Client.CacheManager.GetCacheInternal(String cacheName, CacheConnectionOptions cacheConnectionOptions)
   at Alachisoft.NCache.Client.CacheManager.GetCache(String cacheName, CacheConnectionOptions cacheConnectionOptions)
   at NCache.OSS.Microsoft.Extensions.Caching.Hybrid.NCacheHybridCache..ctor(IOptions`1 options, ILogger`1 logger)

   --- End of inner exception stack trace ---
   at NCache.OSS.Microsoft.Extensions.Caching.Hybrid.NCacheHybridCache..ctor(IOptions`1 options, ILogger`1 logger)
   at NCache.OSS.Microsoft.Extensions.Caching.Hybrid.NCacheHybridCacheExtensions.<>c.<AddNCacheHybridCache>b__1_0(IServiceProvider sp)
   at Microsoft.Extensions.DependencyInjection.ServiceLookup.CallSiteRuntimeResolver.VisitFactory(FactoryCallSite factoryCallSite, RuntimeResolverContext context)
   at Microsoft.Extensions.DependencyInjection.ServiceLookup.CallSiteVisitor`2.VisitCallSiteMain(ServiceCallSite callSite, TArgument argument)
   at Microsoft.Extensions.DependencyInjection.ServiceLookup.CallSiteRuntimeResolver.VisitRootCache(ServiceCallSite callSite, RuntimeResolverContext context)
   at Microsoft.Extensions.DependencyInjection.ServiceLookup.CallSiteVisitor`2.VisitCallSite(ServiceCallSite callSite, TArgument argument)
   at Microsoft.Extensions.DependencyInjection.ServiceLookup.CallSiteRuntimeResolver.VisitConstructor(ConstructorCallSite constructorCallSite, RuntimeResolverContext context)
   at Microsoft.Extensions.DependencyInjection.ServiceLookup.CallSiteVisitor`2.VisitCallSiteMain(ServiceCallSite callSite, TArgument argument)
   at Microsoft.Extensions.DependencyInjection.ServiceLookup.CallSiteRuntimeResolver.VisitRootCache(ServiceCallSite callSite, RuntimeResolverContext context)
   at Microsoft.Extensions.DependencyInjection.ServiceLookup.CallSiteVisitor`2.VisitCallSite(ServiceCallSite callSite, TArgument argument)
   at Microsoft.Extensions.DependencyInjection.ServiceLookup.CallSiteRuntimeResolver.Resolve(ServiceCallSite callSite, ServiceProviderEngineScope scope)
   at Microsoft.Extensions.DependencyInjection.ServiceProvider.CreateServiceAccessor(ServiceIdentifier serviceIdentifier)
   at System.Collections.Concurrent.ConcurrentDictionary`2.GetOrAdd(TKey key, Func`2 valueFactory)
   at Microsoft.Extensions.DependencyInjection.ServiceProvider.GetService(ServiceIdentifier serviceIdentifier, ServiceProviderEngineScope serviceProviderEngineScope)
   at Microsoft.Extensions.DependencyInjection.ServiceLookup.ServiceProviderEngineScope.GetService(Type serviceType)
   at lambda_method2(Closure, IServiceProvider, Object[])
   at Microsoft.AspNetCore.Mvc.Controllers.ControllerFactoryProvider.<>c__DisplayClass6_0.<CreateControllerFactory>g__CreateController|0(ControllerContext controllerContext)
   at Microsoft.AspNetCore.Mvc.Infrastructure.ControllerActionInvoker.Next(State& next, Scope& scope, Object& state, Boolean& isCompleted)
   at Microsoft.AspNetCore.Mvc.Infrastructure.ControllerActionInvoker.InvokeInnerFilterAsync()
--- End of stack trace from previous location ---
   at Microsoft.AspNetCore.Mvc.Infrastructure.ResourceInvoker.<InvokeNextResourceFilter>g__Awaited|25_0(ResourceInvoker invoker, Task lastTask, State next, Scope scope, Object state, Boolean isCompleted)
   at Microsoft.AspNetCore.Mvc.Infrastructure.ResourceInvoker.Rethrow(ResourceExecutedContextSealed context)
   at Microsoft.AspNetCore.Mvc.Infrastructure.ResourceInvoker.Next(State& next, Scope& scope, Object& state, Boolean& isCompleted)
   at Microsoft.AspNetCore.Mvc.Infrastructure.ResourceInvoker.InvokeFilterPipelineAsync()
--- End of stack trace from previous location ---
   at Microsoft.AspNetCore.Mvc.Infrastructure.ResourceInvoker.<InvokeAsync>g__Awaited|17_0(ResourceInvoker invoker, Task task, IDisposable scope)
   at Microsoft.AspNetCore.Mvc.Infrastructure.ResourceInvoker.<InvokeAsync>g__Awaited|17_0(ResourceInvoker invoker, Task task, IDisposable scope)
   at Microsoft.AspNetCore.Authorization.AuthorizationMiddleware.Invoke(HttpContext context)
   at Serilog.AspNetCore.RequestLoggingMiddleware.Invoke(HttpContext httpContext)
[14:38:18.171] [ERR] Microsoft.AspNetCore.Diagnostics.DeveloperExceptionPageMiddleware: An unhandled exception has occurred while executing the request.
System.InvalidOperationException: An error occurred while initializing the local cache with name 'demoLocalCache'. Ensure that the cache is properly configured and available. Exception: No server is available to process the request for 'demoLocalCache'
 ---> Alachisoft.NCache.Runtime.Exceptions.OperationFailedException : No server is available to process the request for 'demoLocalCache'
   at Alachisoft.NCache.Client.RemoteCache..ctor(String cacheId, Cache parent, CacheConnectionOptions cacheConnectionOptions, StatisticsCounter perfStatsCol)
   at Alachisoft.NCache.Client.CacheManager.GetCacheInternal(String cacheName, CacheConnectionOptions cacheConnectionOptions)
   at Alachisoft.NCache.Client.CacheManager.GetCache(String cacheName, CacheConnectionOptions cacheConnectionOptions)
   at NCache.OSS.Microsoft.Extensions.Caching.Hybrid.NCacheHybridCache..ctor(IOptions`1 options, ILogger`1 logger)

   --- End of inner exception stack trace ---
   at NCache.OSS.Microsoft.Extensions.Caching.Hybrid.NCacheHybridCache..ctor(IOptions`1 options, ILogger`1 logger)
   at NCache.OSS.Microsoft.Extensions.Caching.Hybrid.NCacheHybridCacheExtensions.<>c.<AddNCacheHybridCache>b__1_0(IServiceProvider sp)
   at Microsoft.Extensions.DependencyInjection.ServiceLookup.CallSiteRuntimeResolver.VisitFactory(FactoryCallSite factoryCallSite, RuntimeResolverContext context)
   at Microsoft.Extensions.DependencyInjection.ServiceLookup.CallSiteVisitor`2.VisitCallSiteMain(ServiceCallSite callSite, TArgument argument)
   at Microsoft.Extensions.DependencyInjection.ServiceLookup.CallSiteRuntimeResolver.VisitRootCache(ServiceCallSite callSite, RuntimeResolverContext context)
   at Microsoft.Extensions.DependencyInjection.ServiceLookup.CallSiteVisitor`2.VisitCallSite(ServiceCallSite callSite, TArgument argument)
   at Microsoft.Extensions.DependencyInjection.ServiceLookup.CallSiteRuntimeResolver.VisitConstructor(ConstructorCallSite constructorCallSite, RuntimeResolverContext context)
   at Microsoft.Extensions.DependencyInjection.ServiceLookup.CallSiteVisitor`2.VisitCallSiteMain(ServiceCallSite callSite, TArgument argument)
   at Microsoft.Extensions.DependencyInjection.ServiceLookup.CallSiteRuntimeResolver.VisitRootCache(ServiceCallSite callSite, RuntimeResolverContext context)
   at Microsoft.Extensions.DependencyInjection.ServiceLookup.CallSiteVisitor`2.VisitCallSite(ServiceCallSite callSite, TArgument argument)
   at Microsoft.Extensions.DependencyInjection.ServiceLookup.CallSiteRuntimeResolver.Resolve(ServiceCallSite callSite, ServiceProviderEngineScope scope)
   at Microsoft.Extensions.DependencyInjection.ServiceProvider.CreateServiceAccessor(ServiceIdentifier serviceIdentifier)
   at System.Collections.Concurrent.ConcurrentDictionary`2.GetOrAdd(TKey key, Func`2 valueFactory)
   at Microsoft.Extensions.DependencyInjection.ServiceProvider.GetService(ServiceIdentifier serviceIdentifier, ServiceProviderEngineScope serviceProviderEngineScope)
   at Microsoft.Extensions.DependencyInjection.ServiceLookup.ServiceProviderEngineScope.GetService(Type serviceType)
   at lambda_method2(Closure, IServiceProvider, Object[])
   at Microsoft.AspNetCore.Mvc.Controllers.ControllerFactoryProvider.<>c__DisplayClass6_0.<CreateControllerFactory>g__CreateController|0(ControllerContext controllerContext)
   at Microsoft.AspNetCore.Mvc.Infrastructure.ControllerActionInvoker.Next(State& next, Scope& scope, Object& state, Boolean& isCompleted)
   at Microsoft.AspNetCore.Mvc.Infrastructure.ControllerActionInvoker.InvokeInnerFilterAsync()
--- End of stack trace from previous location ---
   at Microsoft.AspNetCore.Mvc.Infrastructure.ResourceInvoker.<InvokeNextResourceFilter>g__Awaited|25_0(ResourceInvoker invoker, Task lastTask, State next, Scope scope, Object state, Boolean isCompleted)
   at Microsoft.AspNetCore.Mvc.Infrastructure.ResourceInvoker.Rethrow(ResourceExecutedContextSealed context)
   at Microsoft.AspNetCore.Mvc.Infrastructure.ResourceInvoker.Next(State& next, Scope& scope, Object& state, Boolean& isCompleted)
   at Microsoft.AspNetCore.Mvc.Infrastructure.ResourceInvoker.InvokeFilterPipelineAsync()
--- End of stack trace from previous location ---
   at Microsoft.AspNetCore.Mvc.Infrastructure.ResourceInvoker.<InvokeAsync>g__Awaited|17_0(ResourceInvoker invoker, Task task, IDisposable scope)
   at Microsoft.AspNetCore.Mvc.Infrastructure.ResourceInvoker.<InvokeAsync>g__Awaited|17_0(ResourceInvoker invoker, Task task, IDisposable scope)
   at Microsoft.AspNetCore.Authorization.AuthorizationMiddleware.Invoke(HttpContext context)
   at Serilog.AspNetCore.RequestLoggingMiddleware.Invoke(HttpContext httpContext)
   at Microsoft.AspNetCore.Authentication.AuthenticationMiddleware.Invoke(HttpContext context)
   at Microsoft.AspNetCore.Diagnostics.DeveloperExceptionPageMiddlewareImpl.Invoke(HttpContext context)
